<?xml version="1.0" encoding="UTF-8"?>
<!-- Generated by org.testng.reporters.JUnitReportReporter -->
<testsuite skipped="0" hostname="pcs-MacBook-Air.local" name="AutomationFramework.WebdriverCommands" tests="1" failures="0" timestamp="24 Jun 2018 15:14:50 GMT" time="16.461" errors="0">
  <testcase name="TC01" time="16.461" classname="AutomationFramework.WebdriverCommands"/>
</testsuite> <!-- AutomationFramework.WebdriverCommands -->
